{"level":"info","message":"Hello World route accessed","service":"aquisitions-api"}
{"level":"info","message":"Hello World route accessed","service":"aquisitions-api"}
{"level":"info","message":"Hello World route accessed","service":"aquisitions-api"}
{"level":"info","message":"Hello World route accessed","service":"aquisitions-api"}
{"level":"info","message":"::1 - - [29/Jun/2026:12:03:24 +0000] \"GET / HTTP/1.1\" 304 - \"-\" \"Mozilla/5.0 (Windows NT 10.0; Win64; x64) AppleWebKit/537.36 (KHTML, like Gecko) Chrome/149.0.0.0 Safari/537.36\"","service":"aquisitions-api"}
{"level":"info","message":"Hello World route accessed","service":"aquisitions-api"}
{"level":"info","message":"::1 - - [29/Jun/2026:12:37:51 +0000] \"GET / HTTP/1.1\" 304 - \"-\" \"Mozilla/5.0 (Windows NT 10.0; Win64; x64) AppleWebKit/537.36 (KHTML, like Gecko) Chrome/149.0.0.0 Safari/537.36\"","service":"aquisitions-api"}
{"level":"info","message":"::1 - - [29/Jun/2026:12:37:57 +0000] \"GET /health HTTP/1.1\" 200 74 \"-\" \"Mozilla/5.0 (Windows NT 10.0; Win64; x64) AppleWebKit/537.36 (KHTML, like Gecko) Chrome/149.0.0.0 Safari/537.36\"","service":"aquisitions-api"}
{"level":"info","message":"::1 - - [29/Jun/2026:12:38:04 +0000] \"GET /api HTTP/1.1\" 200 40 \"-\" \"Mozilla/5.0 (Windows NT 10.0; Win64; x64) AppleWebKit/537.36 (KHTML, like Gecko) Chrome/149.0.0.0 Safari/537.36\"","service":"aquisitions-api"}
{"level":"info","message":"Hello World route accessed","service":"aquisitions-api"}
{"level":"info","message":"::1 - - [29/Jun/2026:12:47:22 +0000] \"GET / HTTP/1.1\" 200 11 \"-\" \"HTTPie\"","service":"aquisitions-api"}
{"level":"info","message":"::1 - - [29/Jun/2026:12:47:27 +0000] \"GET /health HTTP/1.1\" 200 75 \"-\" \"HTTPie\"","service":"aquisitions-api"}
{"level":"info","message":"::1 - - [29/Jun/2026:12:47:35 +0000] \"GET /api HTTP/1.1\" 200 40 \"-\" \"HTTPie\"","service":"aquisitions-api"}
{"level":"info","message":"::1 - - [29/Jun/2026:14:53:48 +0000] \"GET /api/auth/sighup HTTP/1.1\" 404 154 \"-\" \"HTTPie\"","service":"aquisitions-api"}
{"level":"info","message":"::1 - - [29/Jun/2026:14:54:02 +0000] \"GET /api/auth/sign-up HTTP/1.1\" 404 155 \"-\" \"HTTPie\"","service":"aquisitions-api"}
{"level":"info","message":"::1 - - [29/Jun/2026:14:54:05 +0000] \"GET /api/auth/signup HTTP/1.1\" 404 154 \"-\" \"HTTPie\"","service":"aquisitions-api"}
{"level":"info","message":"::1 - - [29/Jun/2026:14:54:39 +0000] \"GET /api/auth/sign-up HTTP/1.1\" 404 155 \"-\" \"HTTPie\"","service":"aquisitions-api"}
{"level":"info","message":"::1 - - [29/Jun/2026:14:55:15 +0000] \"GET /api/auth/sign-up HTTP/1.1\" 404 155 \"-\" \"HTTPie\"","service":"aquisitions-api"}
{"level":"info","message":"::1 - - [29/Jun/2026:14:55:20 +0000] \"GET /api/auth/ HTTP/1.1\" 404 148 \"-\" \"HTTPie\"","service":"aquisitions-api"}
{"level":"info","message":"::1 - - [29/Jun/2026:14:55:27 +0000] \"GET /api/ HTTP/1.1\" 200 40 \"-\" \"HTTPie\"","service":"aquisitions-api"}
{"level":"info","message":"::1 - - [29/Jun/2026:14:56:38 +0000] \"GET /api/auth HTTP/1.1\" 404 147 \"-\" \"HTTPie\"","service":"aquisitions-api"}
{"level":"info","message":"::1 - - [29/Jun/2026:14:56:48 +0000] \"GET /api/auth HTTP/1.1\" 404 147 \"-\" \"HTTPie\"","service":"aquisitions-api"}
{"level":"info","message":"::1 - - [29/Jun/2026:14:57:26 +0000] \"GET /api/auth HTTP/1.1\" 404 147 \"-\" \"HTTPie\"","service":"aquisitions-api"}
{"level":"info","message":"::1 - - [29/Jun/2026:15:17:49 +0000] \"GET /api/auth HTTP/1.1\" 404 147 \"-\" \"HTTPie\"","service":"aquisitions-api"}
{"level":"info","message":"::1 - - [29/Jun/2026:15:17:57 +0000] \"GET /api/auth/sign-up HTTP/1.1\" 404 155 \"-\" \"HTTPie\"","service":"aquisitions-api"}
{"level":"info","message":"::1 - - [29/Jun/2026:15:23:18 +0000] \"GET /api/auth/sign-up HTTP/1.1\" 404 155 \"-\" \"HTTPie\"","service":"aquisitions-api"}
{"level":"info","message":"::1 - - [29/Jun/2026:15:23:23 +0000] \"GET /api/auth/ HTTP/1.1\" 404 148 \"-\" \"HTTPie\"","service":"aquisitions-api"}
{"level":"info","message":"::1 - - [29/Jun/2026:15:23:47 +0000] \"GET /health HTTP/1.1\" 200 74 \"-\" \"HTTPie\"","service":"aquisitions-api"}
{"level":"info","message":"::1 - - [29/Jun/2026:15:23:51 +0000] \"GET /api HTTP/1.1\" 200 40 \"-\" \"HTTPie\"","service":"aquisitions-api"}
{"level":"info","message":"::1 - - [29/Jun/2026:15:23:56 +0000] \"GET /api/auth HTTP/1.1\" 404 147 \"-\" \"HTTPie\"","service":"aquisitions-api"}
{"level":"info","message":"::1 - - [29/Jun/2026:15:27:04 +0000] \"GET /api/auth HTTP/1.1\" 404 147 \"-\" \"HTTPie\"","service":"aquisitions-api"}
{"level":"info","message":"::1 - - [29/Jun/2026:15:27:21 +0000] \"GET /api/auth HTTP/1.1\" 404 147 \"-\" \"HTTPie\"","service":"aquisitions-api"}
{"level":"info","message":"::1 - - [29/Jun/2026:15:28:49 +0000] \"POST /api/auth HTTP/1.1\" 404 148 \"-\" \"HTTPie\"","service":"aquisitions-api"}
{"level":"info","message":"::1 - - [29/Jun/2026:15:29:03 +0000] \"POST /api/auth/sign-up HTTP/1.1\" 404 156 \"-\" \"HTTPie\"","service":"aquisitions-api"}
{"level":"info","message":"::1 - - [29/Jun/2026:15:29:24 +0000] \"POST /api/auth/sign-in HTTP/1.1\" 404 156 \"-\" \"HTTPie\"","service":"aquisitions-api"}
{"level":"info","message":"::1 - - [29/Jun/2026:15:32:00 +0000] \"POST /api/auth/sign-up HTTP/1.1\" 404 156 \"-\" \"HTTPie\"","service":"aquisitions-api"}
{"level":"info","message":"::1 - - [29/Jun/2026:15:35:56 +0000] \"POST /api/auth/sign-up HTTP/1.1\" 400 92 \"-\" \"HTTPie\"","service":"aquisitions-api"}
{"level":"info","message":"::1 - - [29/Jun/2026:15:36:05 +0000] \"POST /api/auth/ HTTP/1.1\" 404 149 \"-\" \"HTTPie\"","service":"aquisitions-api"}
{"level":"info","message":"::1 - - [29/Jun/2026:15:36:11 +0000] \"GET /api/auth/ HTTP/1.1\" 404 148 \"-\" \"HTTPie\"","service":"aquisitions-api"}
{"level":"info","message":"::1 - - [29/Jun/2026:15:36:13 +0000] \"GET /api/auth HTTP/1.1\" 404 147 \"-\" \"HTTPie\"","service":"aquisitions-api"}
{"level":"info","message":"::1 - - [29/Jun/2026:15:39:42 +0000] \"POST /api/auth/sign-up HTTP/1.1\" 400 92 \"-\" \"HTTPie\"","service":"aquisitions-api"}
{"level":"info","message":"::1 - - [29/Jun/2026:15:39:47 +0000] \"POST /api/auth/sign-in HTTP/1.1\" 200 30 \"-\" \"HTTPie\"","service":"aquisitions-api"}
{"level":"info","message":"::1 - - [29/Jun/2026:15:39:52 +0000] \"POST /api/auth/sign-up HTTP/1.1\" 400 92 \"-\" \"HTTPie\"","service":"aquisitions-api"}
{"level":"info","message":"::1 - - [29/Jun/2026:15:41:57 +0000] \"POST /api/auth/sign-up HTTP/1.1\" 400 92 \"-\" \"HTTPie\"","service":"aquisitions-api"}
{"level":"info","message":"::1 - - [29/Jun/2026:15:46:34 +0000] \"POST /api/auth/sign-up HTTP/1.1\" 400 92 \"-\" \"HTTPie\"","service":"aquisitions-api"}
{"level":"info","message":"::1 - - [29/Jun/2026:15:54:24 +0000] \"POST /api/auth/sign-up HTTP/1.1\" 400 92 \"-\" \"HTTPie\"","service":"aquisitions-api"}
{"level":"info","message":"::1 - - [29/Jun/2026:15:56:44 +0000] \"POST /api/auth/sign-up HTTP/1.1\" 400 196 \"-\" \"HTTPie\"","service":"aquisitions-api"}
{"level":"info","message":"::1 - - [29/Jun/2026:15:58:55 +0000] \"POST /api/auth/sign-up HTTP/1.1\" 400 196 \"-\" \"HTTPie\"","service":"aquisitions-api"}
{"level":"info","message":"::1 - - [29/Jun/2026:15:58:57 +0000] \"POST /api/auth/sign-up HTTP/1.1\" 400 196 \"-\" \"HTTPie\"","service":"aquisitions-api"}
{"level":"info","message":"::1 - - [29/Jun/2026:15:58:57 +0000] \"POST /api/auth/sign-up HTTP/1.1\" 400 196 \"-\" \"HTTPie\"","service":"aquisitions-api"}
{"level":"info","message":"::1 - - [29/Jun/2026:15:58:58 +0000] \"POST /api/auth/sign-up HTTP/1.1\" 400 196 \"-\" \"HTTPie\"","service":"aquisitions-api"}
{"level":"info","message":"::1 - - [29/Jun/2026:15:58:58 +0000] \"POST /api/auth/sign-up HTTP/1.1\" 400 196 \"-\" \"HTTPie\"","service":"aquisitions-api"}
{"level":"info","message":"::1 - - [29/Jun/2026:15:59:16 +0000] \"POST /api/auth/sign-up HTTP/1.1\" 400 196 \"-\" \"HTTPie\"","service":"aquisitions-api"}
{"level":"info","message":"::1 - - [29/Jun/2026:15:59:29 +0000] \"POST /api/auth/sign-up HTTP/1.1\" 400 196 \"-\" \"HTTPie\"","service":"aquisitions-api"}
{"level":"info","message":"::1 - - [29/Jun/2026:15:59:59 +0000] \"POST /api/auth/sign-up HTTP/1.1\" 400 196 \"-\" \"HTTPie\"","service":"aquisitions-api"}
{"level":"info","message":"::1 - - [29/Jun/2026:16:00:59 +0000] \"POST /api/auth/sign-up HTTP/1.1\" 400 196 \"-\" \"HTTPie\"","service":"aquisitions-api"}
{"level":"info","message":"::1 - - [29/Jun/2026:16:01:12 +0000] \"POST /api/auth/sign-up HTTP/1.1\" 400 92 \"-\" \"HTTPie\"","service":"aquisitions-api"}
{"level":"info","message":"::1 - - [29/Jun/2026:16:31:05 +0000] \"POST /api/auth/sign-up HTTP/1.1\" 400 92 \"-\" \"HTTPie\"","service":"aquisitions-api"}
{"level":"info","message":"::1 - - [29/Jun/2026:16:34:51 +0000] \"POST /api/auth/sign-up HTTP/1.1\" 400 92 \"-\" \"HTTPie\"","service":"aquisitions-api"}
{"level":"info","message":"::1 - - [29/Jun/2026:16:34:52 +0000] \"POST /api/auth/sign-up HTTP/1.1\" 400 92 \"-\" \"HTTPie\"","service":"aquisitions-api"}
{"level":"info","message":"::1 - - [29/Jun/2026:16:34:53 +0000] \"POST /api/auth/sign-up HTTP/1.1\" 400 92 \"-\" \"HTTPie\"","service":"aquisitions-api"}
{"level":"info","message":"::1 - - [29/Jun/2026:16:34:53 +0000] \"POST /api/auth/sign-up HTTP/1.1\" 400 92 \"-\" \"HTTPie\"","service":"aquisitions-api"}
{"level":"info","message":"::1 - - [29/Jun/2026:16:34:53 +0000] \"POST /api/auth/sign-up HTTP/1.1\" 400 92 \"-\" \"HTTPie\"","service":"aquisitions-api"}
{"level":"info","message":"::1 - - [29/Jun/2026:16:34:53 +0000] \"POST /api/auth/sign-up HTTP/1.1\" 400 92 \"-\" \"HTTPie\"","service":"aquisitions-api"}
{"level":"info","message":"::1 - - [29/Jun/2026:16:34:54 +0000] \"POST /api/auth/sign-up HTTP/1.1\" 400 92 \"-\" \"HTTPie\"","service":"aquisitions-api"}
{"level":"info","message":"::1 - - [29/Jun/2026:16:34:54 +0000] \"POST /api/auth/sign-up HTTP/1.1\" 400 92 \"-\" \"HTTPie\"","service":"aquisitions-api"}
{"level":"info","message":"::1 - - [29/Jun/2026:16:34:54 +0000] \"POST /api/auth/sign-up HTTP/1.1\" 400 92 \"-\" \"HTTPie\"","service":"aquisitions-api"}
{"level":"info","message":"::1 - - [29/Jun/2026:16:34:54 +0000] \"POST /api/auth/sign-up HTTP/1.1\" 400 92 \"-\" \"HTTPie\"","service":"aquisitions-api"}
{"level":"info","message":"::1 - - [29/Jun/2026:16:34:54 +0000] \"POST /api/auth/sign-up HTTP/1.1\" 400 92 \"-\" \"HTTPie\"","service":"aquisitions-api"}
{"level":"error","message":"Erro no Cadastro Cannot destructure property 'name' of 'validationResult.data' as it is undefined.","service":"aquisitions-api","stack":"TypeError: Cannot destructure property 'name' of 'validationResult.data' as it is undefined.\n    at signup (file:///C:/Projects/aquisitions-api/src/controllers/auth.controller.js:9:13)\n    at Layer.handleRequest (C:\\Projects\\aquisitions-api\\node_modules\\router\\lib\\layer.js:152:17)\n    at next (C:\\Projects\\aquisitions-api\\node_modules\\router\\lib\\route.js:157:13)\n    at Route.dispatch (C:\\Projects\\aquisitions-api\\node_modules\\router\\lib\\route.js:117:3)\n    at handle (C:\\Projects\\aquisitions-api\\node_modules\\router\\index.js:435:11)\n    at Layer.handleRequest (C:\\Projects\\aquisitions-api\\node_modules\\router\\lib\\layer.js:152:17)\n    at C:\\Projects\\aquisitions-api\\node_modules\\router\\index.js:295:15\n    at processParams (C:\\Projects\\aquisitions-api\\node_modules\\router\\index.js:582:12)\n    at next (C:\\Projects\\aquisitions-api\\node_modules\\router\\index.js:291:5)\n    at Function.handle (C:\\Projects\\aquisitions-api\\node_modules\\router\\index.js:186:3)"}
{"level":"info","message":"::1 - - [29/Jun/2026:16:37:17 +0000] \"POST /api/auth/sign-up HTTP/1.1\" 500 1227 \"-\" \"HTTPie\"","service":"aquisitions-api"}
{"level":"info","message":"::1 - - [29/Jun/2026:16:41:03 +0000] \"POST /api/auth/sign-up HTTP/1.1\" 400 92 \"-\" \"HTTPie\"","service":"aquisitions-api"}
{"level":"info","message":"::1 - - [29/Jun/2026:16:41:12 +0000] \"POST /api/auth/sign-up HTTP/1.1\" 400 92 \"-\" \"HTTPie\"","service":"aquisitions-api"}
{"level":"info","message":"::1 - - [29/Jun/2026:16:41:25 +0000] \"GET /api/auth/sign-up HTTP/1.1\" 404 155 \"-\" \"HTTPie\"","service":"aquisitions-api"}
{"level":"info","message":"::1 - - [29/Jun/2026:16:41:33 +0000] \"PUT /api/auth/sign-up HTTP/1.1\" 404 155 \"-\" \"HTTPie\"","service":"aquisitions-api"}
{"level":"info","message":"::1 - - [29/Jun/2026:16:41:38 +0000] \"POST /api/auth/sign-up HTTP/1.1\" 400 92 \"-\" \"HTTPie\"","service":"aquisitions-api"}
{"level":"info","message":"::1 - - [29/Jun/2026:16:47:32 +0000] \"POST /api/auth/sign-up?name=John+Goe&email=dohndoe%40gmail.com&password=senha123456789 HTTP/1.1\" 400 92 \"-\" \"HTTPie\"","service":"aquisitions-api"}
{"level":"info","message":"::1 - - [29/Jun/2026:16:47:34 +0000] \"POST /api/auth/sign-up?name=John+Goe&email=dohndoe%40gmail.com&password=senha123456789 HTTP/1.1\" 400 92 \"-\" \"HTTPie\"","service":"aquisitions-api"}
{"level":"info","message":"User registered successfully: e.mena.baptista@gmail.com","service":"aquisitions-api"}
{"level":"info","message":"::1 - - [29/Jun/2026:16:48:45 +0000] \"POST /api/auth/sign-up?name=John+Goe&email=dohndoe%40gmail.com&password=senha123456789 HTTP/1.1\" 201 117 \"-\" \"HTTPie\"","service":"aquisitions-api"}
{"level":"error","message":"Error hashing the password, Error: data and salt arguments required","service":"aquisitions-api"}
{"level":"error","message":"Error saving the data from the user, Error: Error hashing the password ","service":"aquisitions-api"}
{"level":"error","message":"Erro no Cadastro","service":"aquisitions-api"}
{"level":"info","message":"::1 - - [29/Jun/2026:18:00:51 +0000] \"POST /api/auth/sign-up?name=John+Goe&email=dohndoe%40gmail.com&password=senha123456789 HTTP/1.1\" 404 156 \"-\" \"HTTPie\"","service":"aquisitions-api"}
{"level":"error","message":"Error hashing the password, Error: data and salt arguments required","service":"aquisitions-api"}
{"level":"error","message":"Error saving the data from the user, Error: Error hashing the password ","service":"aquisitions-api"}
{"level":"error","message":"Erro no Cadastro","service":"aquisitions-api"}
{"level":"info","message":"::1 - - [29/Jun/2026:18:01:36 +0000] \"POST /api/auth/sign-up?name=John+Goe&email=dohndoe%40gmail.com&password=senha123456789 HTTP/1.1\" 404 156 \"-\" \"HTTPie\"","service":"aquisitions-api"}
{"level":"error","message":"Error hashing the password, Error: data and salt arguments required","service":"aquisitions-api"}
{"level":"error","message":"Error saving the data from the user, Error: Error hashing the password ","service":"aquisitions-api"}
{"level":"error","message":"Erro no Cadastro","service":"aquisitions-api"}
{"level":"info","message":"::1 - - [29/Jun/2026:18:01:43 +0000] \"POST /api/auth/sign-up?name=John+Goe&email=dohndoe%40gmail.com&password=senha123456789 HTTP/1.1\" 404 156 \"-\" \"HTTPie\"","service":"aquisitions-api"}
{"level":"error","message":"Error hashing the password, Error: data and salt arguments required","service":"aquisitions-api"}
{"level":"error","message":"Error saving the data from the user, Error: Error hashing the password ","service":"aquisitions-api"}
{"level":"error","message":"Erro no Cadastro","service":"aquisitions-api"}
{"level":"info","message":"::1 - - [29/Jun/2026:18:01:51 +0000] \"POST /api/auth/sign-up?name=John+Goe&email=dohndoe%40gmail.com&password=senha123456789 HTTP/1.1\" 404 156 \"-\" \"HTTPie\"","service":"aquisitions-api"}
{"level":"error","message":"Error hashing the password, Error: data and salt arguments required","service":"aquisitions-api"}
{"level":"error","message":"Error saving the data from the user, Error: Error hashing the password ","service":"aquisitions-api"}
{"level":"error","message":"Erro no Cadastro","service":"aquisitions-api"}
{"level":"info","message":"::1 - - [29/Jun/2026:19:04:24 +0000] \"POST /api/auth/sign-up?name=John+Goe&email=dohndoe%40gmail.com&password=senha123456789 HTTP/1.1\" 404 156 \"-\" \"HTTPie\"","service":"aquisitions-api"}
{"level":"error","message":"Error hashing the password, Error: data and salt arguments required","service":"aquisitions-api"}
{"level":"error","message":"Error saving the data from the user, Error: Error hashing the password ","service":"aquisitions-api"}
{"level":"error","message":"Erro no Cadastro","service":"aquisitions-api"}
{"level":"info","message":"::1 - - [29/Jun/2026:19:05:38 +0000] \"POST /api/auth/sign-up?name=John+Goe&email=dohndoe%40gmail.com&password=senha123456789 HTTP/1.1\" 404 156 \"-\" \"HTTPie\"","service":"aquisitions-api"}
{"level":"error","message":"Error hashing the password, Error: data and salt arguments required","service":"aquisitions-api"}
{"level":"error","message":"Error saving the data from the user, Error: Error hashing the password ","service":"aquisitions-api"}
{"level":"error","message":"Erro no Cadastro","service":"aquisitions-api"}
{"level":"info","message":"::1 - - [29/Jun/2026:19:20:10 +0000] \"POST /api/auth/sign-up?name=John+Goe&email=dohndoe%40gmail.com&password=senha123456789 HTTP/1.1\" 404 156 \"-\" \"HTTPie\"","service":"aquisitions-api"}
{"level":"info","message":"::1 - - [29/Jun/2026:19:20:33 +0000] \"POST /api/auth/sign-up HTTP/1.1\" 400 196 \"-\" \"HTTPie\"","service":"aquisitions-api"}
{"level":"error","message":"Error hashing the password, Error: data and salt arguments required","service":"aquisitions-api"}
{"level":"error","message":"Error saving the data from the user, Error: Error hashing the password ","service":"aquisitions-api"}
{"level":"error","message":"Erro no Cadastro","service":"aquisitions-api"}
{"level":"info","message":"::1 - - [29/Jun/2026:19:21:28 +0000] \"POST /api/auth/sign-up HTTP/1.1\" 404 156 \"-\" \"HTTPie\"","service":"aquisitions-api"}
{"level":"info","message":"User admin@gmail.com created successfully","service":"aquisitions-api"}
{"level":"info","message":"User registered successfully: admin@gmail.com","service":"aquisitions-api"}
{"level":"info","message":"::1 - - [29/Jun/2026:19:30:36 +0000] \"POST /api/auth/sign-up HTTP/1.1\" 201 101 \"-\" \"HTTPie\"","service":"aquisitions-api"}
{"level":"info","message":"User e.mena.baptista@gmail.com created successfully","service":"aquisitions-api"}
{"level":"info","message":"User registered successfully: e.mena.baptista@gmail.com","service":"aquisitions-api"}
{"level":"info","message":"::1 - - [29/Jun/2026:19:31:42 +0000] \"POST /api/auth/sign-up HTTP/1.1\" 201 117 \"-\" \"HTTPie\"","service":"aquisitions-api"}
{"level":"error","message":"Error authenticating the user, Error: Invalid credentials","service":"aquisitions-api"}
{"level":"error","message":"Error on sign-in Invalid credentials","service":"aquisitions-api","stack":"Error: Invalid credentials\n    at authenticateUser (file:///C:/Projects/aquisitions-api/src/services/auth.service.js:37:25)\n    at async signin (file:///C:/Projects/aquisitions-api/src/controllers/auth.controller.js:65:18)"}
{"level":"info","message":"::1 - - [30/Jun/2026:10:48:07 +0000] \"POST /api/auth/sign-in HTTP/1.1\" 401 37 \"-\" \"HTTPie\"","service":"aquisitions-api"}
{"level":"info","message":"User signed in successfully: e.mena.baptista@gmail.com","service":"aquisitions-api"}
{"level":"info","message":"::1 - - [30/Jun/2026:10:48:18 +0000] \"POST /api/auth/sign-in HTTP/1.1\" 200 118 \"-\" \"HTTPie\"","service":"aquisitions-api"}
{"level":"info","message":"User signed out successfully","service":"aquisitions-api"}
{"level":"info","message":"::1 - - [30/Jun/2026:10:48:59 +0000] \"POST /api/auth/sign-out HTTP/1.1\" 200 31 \"-\" \"HTTPie\"","service":"aquisitions-api"}
{"level":"info","message":"User signed in successfully: e.mena.baptista@gmail.com","service":"aquisitions-api"}
{"level":"info","message":"::1 - - [30/Jun/2026:11:04:29 +0000] \"POST /api/auth/sign-in HTTP/1.1\" 200 118 \"-\" \"HTTPie\"","service":"aquisitions-api"}
{"level":"info","message":"::1 - - [30/Jun/2026:15:15:00 +0000] \"POST /api/ HTTP/1.1\" 404 144 \"-\" \"HTTPie\"","service":"aquisitions-api"}
{"level":"info","message":"::1 - - [30/Jun/2026:15:15:09 +0000] \"GET /api/ HTTP/1.1\" 200 40 \"-\" \"HTTPie\"","service":"aquisitions-api"}
{"level":"info","message":"Buscando usuários na base de dados...","service":"aquisitions-api"}
{"level":"error","message":"Erro ao buscar usuários:  Cannot convert undefined or null to object","service":"aquisitions-api","stack":"TypeError: Cannot convert undefined or null to object\n    at Function.entries (<anonymous>)\n    at orderSelectedFields (file:///C:/Projects/aquisitions-api/node_modules/drizzle-orm/utils.js:55:17)\n    at file:///C:/Projects/aquisitions-api/node_modules/drizzle-orm/utils.js:65:22\n    at Array.reduce (<anonymous>)\n    at orderSelectedFields (file:///C:/Projects/aquisitions-api/node_modules/drizzle-orm/utils.js:55:33)\n    at file:///C:/Projects/aquisitions-api/node_modules/drizzle-orm/pg-core/query-builders/select.js:770:26\n    at Object.startActiveSpan (file:///C:/Projects/aquisitions-api/node_modules/drizzle-orm/tracing.js:8:14)\n    at PgSelectBase._prepare (file:///C:/Projects/aquisitions-api/node_modules/drizzle-orm/pg-core/query-builders/select.js:769:19)\n    at file:///C:/Projects/aquisitions-api/node_modules/drizzle-orm/pg-core/query-builders/select.js:797:19\n    at Object.startActiveSpan (file:///C:/Projects/aquisitions-api/node_modules/drizzle-orm/tracing.js:8:14)"}
{"level":"error","message":" Cannot convert undefined or null to object","service":"aquisitions-api","stack":"TypeError: Cannot convert undefined or null to object\n    at Function.entries (<anonymous>)\n    at orderSelectedFields (file:///C:/Projects/aquisitions-api/node_modules/drizzle-orm/utils.js:55:17)\n    at file:///C:/Projects/aquisitions-api/node_modules/drizzle-orm/utils.js:65:22\n    at Array.reduce (<anonymous>)\n    at orderSelectedFields (file:///C:/Projects/aquisitions-api/node_modules/drizzle-orm/utils.js:55:33)\n    at file:///C:/Projects/aquisitions-api/node_modules/drizzle-orm/pg-core/query-builders/select.js:770:26\n    at Object.startActiveSpan (file:///C:/Projects/aquisitions-api/node_modules/drizzle-orm/tracing.js:8:14)\n    at PgSelectBase._prepare (file:///C:/Projects/aquisitions-api/node_modules/drizzle-orm/pg-core/query-builders/select.js:769:19)\n    at file:///C:/Projects/aquisitions-api/node_modules/drizzle-orm/pg-core/query-builders/select.js:797:19\n    at Object.startActiveSpan (file:///C:/Projects/aquisitions-api/node_modules/drizzle-orm/tracing.js:8:14)"}
{"level":"info","message":"::1 - - [30/Jun/2026:15:15:33 +0000] \"GET /api/users/ HTTP/1.1\" 500 1253 \"-\" \"HTTPie\"","service":"aquisitions-api"}
{"level":"info","message":"Buscando usuários na base de dados...","service":"aquisitions-api"}
{"cause":{"name":"NeonDbError","sourceError":{}},"level":"error","message":"Erro ao buscar usuários:  Failed query: select \"id\", \"name\", \"email\", \"role\", \"created_at\", \"updated_at\" from \"users\"\nparams: ","params":[],"query":"select \"id\", \"name\", \"email\", \"role\", \"created_at\", \"updated_at\" from \"users\"","service":"aquisitions-api","stack":"Error: Failed query: select \"id\", \"name\", \"email\", \"role\", \"created_at\", \"updated_at\" from \"users\"\nparams: \n    at NeonHttpPreparedQuery.queryWithCache (file:///C:/Projects/aquisitions-api/node_modules/drizzle-orm/pg-core/session.js:41:15)\n    at async NeonHttpPreparedQuery.execute (file:///C:/Projects/aquisitions-api/node_modules/drizzle-orm/neon-http/session.js:45:20)\n    at async getAllUsers (file:///C:/Projects/aquisitions-api/src/services/users.service.js:7:12)\n    at async fetchAllUsers (file:///C:/Projects/aquisitions-api/src/controllers/users.controller.js:8:22)"}
{"cause":{"name":"NeonDbError","sourceError":{}},"level":"error","message":" Failed query: select \"id\", \"name\", \"email\", \"role\", \"created_at\", \"updated_at\" from \"users\"\nparams: ","params":[],"query":"select \"id\", \"name\", \"email\", \"role\", \"created_at\", \"updated_at\" from \"users\"","service":"aquisitions-api","stack":"Error: Failed query: select \"id\", \"name\", \"email\", \"role\", \"created_at\", \"updated_at\" from \"users\"\nparams: \n    at NeonHttpPreparedQuery.queryWithCache (file:///C:/Projects/aquisitions-api/node_modules/drizzle-orm/pg-core/session.js:41:15)\n    at async NeonHttpPreparedQuery.execute (file:///C:/Projects/aquisitions-api/node_modules/drizzle-orm/neon-http/session.js:45:20)\n    at async getAllUsers (file:///C:/Projects/aquisitions-api/src/services/users.service.js:7:12)\n    at async fetchAllUsers (file:///C:/Projects/aquisitions-api/src/controllers/users.controller.js:8:22)"}
{"level":"info","message":"::1 - - [30/Jun/2026:15:18:37 +0000] \"GET /api/users/ HTTP/1.1\" 500 828 \"-\" \"HTTPie\"","service":"aquisitions-api"}
{"level":"info","message":"Buscando usuários na base de dados...","service":"aquisitions-api"}
{"level":"error","message":"Erro ao buscar usuários:  Cannot read properties of undefined (reading 'id')","service":"aquisitions-api","stack":"TypeError: Cannot read properties of undefined (reading 'id')\n    at getAllUsers (file:///C:/Projects/aquisitions-api/src/services/users.service.js:9:19)\n    at fetchAllUsers (file:///C:/Projects/aquisitions-api/src/controllers/users.controller.js:8:28)\n    at Layer.handleRequest (C:\\Projects\\aquisitions-api\\node_modules\\router\\lib\\layer.js:152:17)\n    at next (C:\\Projects\\aquisitions-api\\node_modules\\router\\lib\\route.js:157:13)\n    at Route.dispatch (C:\\Projects\\aquisitions-api\\node_modules\\router\\lib\\route.js:117:3)\n    at handle (C:\\Projects\\aquisitions-api\\node_modules\\router\\index.js:435:11)\n    at Layer.handleRequest (C:\\Projects\\aquisitions-api\\node_modules\\router\\lib\\layer.js:152:17)\n    at C:\\Projects\\aquisitions-api\\node_modules\\router\\index.js:295:15\n    at processParams (C:\\Projects\\aquisitions-api\\node_modules\\router\\index.js:582:12)\n    at next (C:\\Projects\\aquisitions-api\\node_modules\\router\\index.js:291:5)"}
{"level":"error","message":" Cannot read properties of undefined (reading 'id')","service":"aquisitions-api","stack":"TypeError: Cannot read properties of undefined (reading 'id')\n    at getAllUsers (file:///C:/Projects/aquisitions-api/src/services/users.service.js:9:19)\n    at fetchAllUsers (file:///C:/Projects/aquisitions-api/src/controllers/users.controller.js:8:28)\n    at Layer.handleRequest (C:\\Projects\\aquisitions-api\\node_modules\\router\\lib\\layer.js:152:17)\n    at next (C:\\Projects\\aquisitions-api\\node_modules\\router\\lib\\route.js:157:13)\n    at Route.dispatch (C:\\Projects\\aquisitions-api\\node_modules\\router\\lib\\route.js:117:3)\n    at handle (C:\\Projects\\aquisitions-api\\node_modules\\router\\index.js:435:11)\n    at Layer.handleRequest (C:\\Projects\\aquisitions-api\\node_modules\\router\\lib\\layer.js:152:17)\n    at C:\\Projects\\aquisitions-api\\node_modules\\router\\index.js:295:15\n    at processParams (C:\\Projects\\aquisitions-api\\node_modules\\router\\index.js:582:12)\n    at next (C:\\Projects\\aquisitions-api\\node_modules\\router\\index.js:291:5)"}
{"level":"info","message":"::1 - - [30/Jun/2026:15:19:46 +0000] \"GET /api/users/ HTTP/1.1\" 500 1200 \"-\" \"HTTPie\"","service":"aquisitions-api"}
{"level":"info","message":"Buscando usuários na base de dados...","service":"aquisitions-api"}
{"cause":{"name":"NeonDbError","sourceError":{}},"level":"error","message":"Erro ao buscar usuários:  Failed query: select \"id\", \"name\", \"email\", \"role\", \"created_at\", \"updated_at\" from \"users\"\nparams: ","params":[],"query":"select \"id\", \"name\", \"email\", \"role\", \"created_at\", \"updated_at\" from \"users\"","service":"aquisitions-api","stack":"Error: Failed query: select \"id\", \"name\", \"email\", \"role\", \"created_at\", \"updated_at\" from \"users\"\nparams: \n    at NeonHttpPreparedQuery.queryWithCache (file:///C:/Projects/aquisitions-api/node_modules/drizzle-orm/pg-core/session.js:41:15)\n    at async NeonHttpPreparedQuery.execute (file:///C:/Projects/aquisitions-api/node_modules/drizzle-orm/neon-http/session.js:45:20)\n    at async getAllUsers (file:///C:/Projects/aquisitions-api/src/services/users.service.js:7:12)\n    at async fetchAllUsers (file:///C:/Projects/aquisitions-api/src/controllers/users.controller.js:8:22)"}
{"cause":{"name":"NeonDbError","sourceError":{}},"level":"error","message":" Failed query: select \"id\", \"name\", \"email\", \"role\", \"created_at\", \"updated_at\" from \"users\"\nparams: ","params":[],"query":"select \"id\", \"name\", \"email\", \"role\", \"created_at\", \"updated_at\" from \"users\"","service":"aquisitions-api","stack":"Error: Failed query: select \"id\", \"name\", \"email\", \"role\", \"created_at\", \"updated_at\" from \"users\"\nparams: \n    at NeonHttpPreparedQuery.queryWithCache (file:///C:/Projects/aquisitions-api/node_modules/drizzle-orm/pg-core/session.js:41:15)\n    at async NeonHttpPreparedQuery.execute (file:///C:/Projects/aquisitions-api/node_modules/drizzle-orm/neon-http/session.js:45:20)\n    at async getAllUsers (file:///C:/Projects/aquisitions-api/src/services/users.service.js:7:12)\n    at async fetchAllUsers (file:///C:/Projects/aquisitions-api/src/controllers/users.controller.js:8:22)"}
{"level":"info","message":"::1 - - [30/Jun/2026:15:20:59 +0000] \"GET /api/users/ HTTP/1.1\" 500 828 \"-\" \"HTTPie\"","service":"aquisitions-api"}
{"level":"info","message":"Buscando usuários na base de dados...","service":"aquisitions-api"}
{"cause":{"name":"NeonDbError","sourceError":{}},"level":"error","message":"Erro ao buscar usuários:  Failed query: select \"id\", \"name\", \"email\", \"role\", \"created_at\", \"updated_at\" from \"users\"\nparams: ","params":[],"query":"select \"id\", \"name\", \"email\", \"role\", \"created_at\", \"updated_at\" from \"users\"","service":"aquisitions-api","stack":"Error: Failed query: select \"id\", \"name\", \"email\", \"role\", \"created_at\", \"updated_at\" from \"users\"\nparams: \n    at NeonHttpPreparedQuery.queryWithCache (file:///C:/Projects/aquisitions-api/node_modules/drizzle-orm/pg-core/session.js:41:15)\n    at async NeonHttpPreparedQuery.execute (file:///C:/Projects/aquisitions-api/node_modules/drizzle-orm/neon-http/session.js:45:20)\n    at async getAllUsers (file:///C:/Projects/aquisitions-api/src/services/users.service.js:7:12)\n    at async fetchAllUsers (file:///C:/Projects/aquisitions-api/src/controllers/users.controller.js:8:22)"}
{"cause":{"name":"NeonDbError","sourceError":{}},"level":"error","message":" Failed query: select \"id\", \"name\", \"email\", \"role\", \"created_at\", \"updated_at\" from \"users\"\nparams: ","params":[],"query":"select \"id\", \"name\", \"email\", \"role\", \"created_at\", \"updated_at\" from \"users\"","service":"aquisitions-api","stack":"Error: Failed query: select \"id\", \"name\", \"email\", \"role\", \"created_at\", \"updated_at\" from \"users\"\nparams: \n    at NeonHttpPreparedQuery.queryWithCache (file:///C:/Projects/aquisitions-api/node_modules/drizzle-orm/pg-core/session.js:41:15)\n    at async NeonHttpPreparedQuery.execute (file:///C:/Projects/aquisitions-api/node_modules/drizzle-orm/neon-http/session.js:45:20)\n    at async getAllUsers (file:///C:/Projects/aquisitions-api/src/services/users.service.js:7:12)\n    at async fetchAllUsers (file:///C:/Projects/aquisitions-api/src/controllers/users.controller.js:8:22)"}
{"level":"info","message":"::1 - - [30/Jun/2026:15:22:08 +0000] \"GET /api/users/ HTTP/1.1\" 500 828 \"-\" \"HTTPie\"","service":"aquisitions-api"}
{"level":"info","message":"Buscando usuários na base de dados...","service":"aquisitions-api"}
{"cause":{"name":"NeonDbError","sourceError":{}},"level":"error","message":"Erro ao buscar usuários:  Failed query: select \"id\", \"name\", \"email\", \"role\", \"created_at\", \"updated_at\" from \"users\"\nparams: ","params":[],"query":"select \"id\", \"name\", \"email\", \"role\", \"created_at\", \"updated_at\" from \"users\"","service":"aquisitions-api","stack":"Error: Failed query: select \"id\", \"name\", \"email\", \"role\", \"created_at\", \"updated_at\" from \"users\"\nparams: \n    at NeonHttpPreparedQuery.queryWithCache (file:///C:/Projects/aquisitions-api/node_modules/drizzle-orm/pg-core/session.js:41:15)\n    at async NeonHttpPreparedQuery.execute (file:///C:/Projects/aquisitions-api/node_modules/drizzle-orm/neon-http/session.js:45:20)\n    at async getAllUsers (file:///C:/Projects/aquisitions-api/src/services/users.service.js:7:12)\n    at async fetchAllUsers (file:///C:/Projects/aquisitions-api/src/controllers/users.controller.js:8:22)"}
{"cause":{"name":"NeonDbError","sourceError":{}},"level":"error","message":"Error fecthing all users:  Failed query: select \"id\", \"name\", \"email\", \"role\", \"created_at\", \"updated_at\" from \"users\"\nparams: ","params":[],"query":"select \"id\", \"name\", \"email\", \"role\", \"created_at\", \"updated_at\" from \"users\"","service":"aquisitions-api","stack":"Error: Failed query: select \"id\", \"name\", \"email\", \"role\", \"created_at\", \"updated_at\" from \"users\"\nparams: \n    at NeonHttpPreparedQuery.queryWithCache (file:///C:/Projects/aquisitions-api/node_modules/drizzle-orm/pg-core/session.js:41:15)\n    at async NeonHttpPreparedQuery.execute (file:///C:/Projects/aquisitions-api/node_modules/drizzle-orm/neon-http/session.js:45:20)\n    at async getAllUsers (file:///C:/Projects/aquisitions-api/src/services/users.service.js:7:12)\n    at async fetchAllUsers (file:///C:/Projects/aquisitions-api/src/controllers/users.controller.js:8:22)"}
{"level":"info","message":"::1 - - [30/Jun/2026:15:24:39 +0000] \"GET /api/users/ HTTP/1.1\" 500 828 \"-\" \"HTTPie\"","service":"aquisitions-api"}
{"level":"info","message":"Buscando usuários na base de dados...","service":"aquisitions-api"}
{"cause":{"name":"NeonDbError","sourceError":{}},"level":"error","message":"Erro ao buscar usuários:  Failed query: select \"id\", \"name\", \"email\", \"role\", \"created_at\", \"updated_at\" from \"users\"\nparams: ","params":[],"query":"select \"id\", \"name\", \"email\", \"role\", \"created_at\", \"updated_at\" from \"users\"","service":"aquisitions-api","stack":"Error: Failed query: select \"id\", \"name\", \"email\", \"role\", \"created_at\", \"updated_at\" from \"users\"\nparams: \n    at NeonHttpPreparedQuery.queryWithCache (file:///C:/Projects/aquisitions-api/node_modules/drizzle-orm/pg-core/session.js:41:15)\n    at async NeonHttpPreparedQuery.execute (file:///C:/Projects/aquisitions-api/node_modules/drizzle-orm/neon-http/session.js:45:20)\n    at async getAllUsers (file:///C:/Projects/aquisitions-api/src/services/users.service.js:7:12)\n    at async fetchAllUsers (file:///C:/Projects/aquisitions-api/src/controllers/users.controller.js:8:22)"}
{"cause":{"name":"NeonDbError","sourceError":{}},"level":"error","message":"Error fecthing all users:  Failed query: select \"id\", \"name\", \"email\", \"role\", \"created_at\", \"updated_at\" from \"users\"\nparams: ","params":[],"query":"select \"id\", \"name\", \"email\", \"role\", \"created_at\", \"updated_at\" from \"users\"","service":"aquisitions-api","stack":"Error: Failed query: select \"id\", \"name\", \"email\", \"role\", \"created_at\", \"updated_at\" from \"users\"\nparams: \n    at NeonHttpPreparedQuery.queryWithCache (file:///C:/Projects/aquisitions-api/node_modules/drizzle-orm/pg-core/session.js:41:15)\n    at async NeonHttpPreparedQuery.execute (file:///C:/Projects/aquisitions-api/node_modules/drizzle-orm/neon-http/session.js:45:20)\n    at async getAllUsers (file:///C:/Projects/aquisitions-api/src/services/users.service.js:7:12)\n    at async fetchAllUsers (file:///C:/Projects/aquisitions-api/src/controllers/users.controller.js:8:22)"}
{"level":"info","message":"::1 - - [30/Jun/2026:15:27:50 +0000] \"GET /api/users/ HTTP/1.1\" 500 828 \"-\" \"HTTPie\"","service":"aquisitions-api"}
{"level":"info","message":"Buscando usuários na base de dados...","service":"aquisitions-api"}
{"level":"error","message":"Error getting the users from the db, Error: Failed query: select \"id\", \"name\", \"email\", \"role\", \"created_at\", \"updated_at\" from \"users\"\nparams: ","service":"aquisitions-api"}
{"cause":{"name":"NeonDbError","sourceError":{}},"level":"error","message":"Error fecthing all users:  Error getting the users from the db","service":"aquisitions-api","stack":"Error: Error getting the users from the db\n    at getAllUsers (file:///C:/Projects/aquisitions-api/src/services/users.service.js:17:11)\n    at async fetchAllUsers (file:///C:/Projects/aquisitions-api/src/controllers/users.controller.js:8:22)"}
{"level":"info","message":"::1 - - [30/Jun/2026:15:30:42 +0000] \"GET /api/users/ HTTP/1.1\" 500 394 \"-\" \"HTTPie\"","service":"aquisitions-api"}
{"level":"info","message":"Buscando usuários na base de dados...","service":"aquisitions-api"}
{"level":"info","message":"::1 - - [30/Jun/2026:15:31:29 +0000] \"GET /api/users/ HTTP/1.1\" 200 42 \"-\" \"HTTPie\"","service":"aquisitions-api"}
{"level":"info","message":"Buscando usuários na base de dados...","service":"aquisitions-api"}
{"level":"info","message":"::1 - - [30/Jun/2026:15:31:59 +0000] \"GET /api/users/ HTTP/1.1\" 200 42 \"-\" \"HTTPie\"","service":"aquisitions-api"}
{"level":"error","message":"Error saving the data from the user, Error: Failed query: select \"id\", \"name\", \"email\", \"password\", \"role\", \"created_at\", \"updated_at\" from \"users\" where \"users\".\"email\" = $1 limit $2\nparams: amanda.mena@gmail.com,1","service":"aquisitions-api"}
{"cause":{"name":"NeonDbError","sourceError":{}},"level":"error","message":"Erro no Cadastro Failed query: select \"id\", \"name\", \"email\", \"password\", \"role\", \"created_at\", \"updated_at\" from \"users\" where \"users\".\"email\" = $1 limit $2\nparams: amanda.mena@gmail.com,1","params":["amanda.mena@gmail.com",1],"query":"select \"id\", \"name\", \"email\", \"password\", \"role\", \"created_at\", \"updated_at\" from \"users\" where \"users\".\"email\" = $1 limit $2","service":"aquisitions-api","stack":"Error: Failed query: select \"id\", \"name\", \"email\", \"password\", \"role\", \"created_at\", \"updated_at\" from \"users\" where \"users\".\"email\" = $1 limit $2\nparams: amanda.mena@gmail.com,1\n    at NeonHttpPreparedQuery.queryWithCache (file:///C:/Projects/aquisitions-api/node_modules/drizzle-orm/pg-core/session.js:41:15)\n    at async NeonHttpPreparedQuery.execute (file:///C:/Projects/aquisitions-api/node_modules/drizzle-orm/neon-http/session.js:45:20)\n    at async createUser (file:///C:/Projects/aquisitions-api/src/services/auth.service.js:49:26)\n    at async signup (file:///C:/Projects/aquisitions-api/src/controllers/auth.controller.js:21:18)"}
{"level":"info","message":"::1 - - [30/Jun/2026:15:33:32 +0000] \"POST /api/auth/sign-up HTTP/1.1\" 500 921 \"-\" \"HTTPie\"","service":"aquisitions-api"}
{"level":"error","message":"Error saving the data from the user, Error: Failed query: select \"id\", \"name\", \"email\", \"password\", \"role\", \"created_at\", \"updated_at\" from \"users\" where \"users\".\"email\" = $1 limit $2\nparams: amanda.mena@gmail.com,1","service":"aquisitions-api"}
{"cause":{"name":"NeonDbError","sourceError":{}},"level":"error","message":"Erro no Cadastro Failed query: select \"id\", \"name\", \"email\", \"password\", \"role\", \"created_at\", \"updated_at\" from \"users\" where \"users\".\"email\" = $1 limit $2\nparams: amanda.mena@gmail.com,1","params":["amanda.mena@gmail.com",1],"query":"select \"id\", \"name\", \"email\", \"password\", \"role\", \"created_at\", \"updated_at\" from \"users\" where \"users\".\"email\" = $1 limit $2","service":"aquisitions-api","stack":"Error: Failed query: select \"id\", \"name\", \"email\", \"password\", \"role\", \"created_at\", \"updated_at\" from \"users\" where \"users\".\"email\" = $1 limit $2\nparams: amanda.mena@gmail.com,1\n    at NeonHttpPreparedQuery.queryWithCache (file:///C:/Projects/aquisitions-api/node_modules/drizzle-orm/pg-core/session.js:41:15)\n    at async NeonHttpPreparedQuery.execute (file:///C:/Projects/aquisitions-api/node_modules/drizzle-orm/neon-http/session.js:45:20)\n    at async createUser (file:///C:/Projects/aquisitions-api/src/services/auth.service.js:49:26)\n    at async signup (file:///C:/Projects/aquisitions-api/src/controllers/auth.controller.js:21:18)"}
{"level":"info","message":"::1 - - [30/Jun/2026:15:33:59 +0000] \"POST /api/auth/sign-up HTTP/1.1\" 500 921 \"-\" \"HTTPie\"","service":"aquisitions-api"}
{"level":"error","message":"Error saving the data from the user, Error: Failed query: select \"id\", \"name\", \"email\", \"password\", \"role\", \"created_at\", \"updated_at\" from \"users\" where \"users\".\"email\" = $1 limit $2\nparams: amanda.mena@gmail.com,1","service":"aquisitions-api"}
{"cause":{"name":"NeonDbError","sourceError":{}},"level":"error","message":"Erro no Cadastro Failed query: select \"id\", \"name\", \"email\", \"password\", \"role\", \"created_at\", \"updated_at\" from \"users\" where \"users\".\"email\" = $1 limit $2\nparams: amanda.mena@gmail.com,1","params":["amanda.mena@gmail.com",1],"query":"select \"id\", \"name\", \"email\", \"password\", \"role\", \"created_at\", \"updated_at\" from \"users\" where \"users\".\"email\" = $1 limit $2","service":"aquisitions-api","stack":"Error: Failed query: select \"id\", \"name\", \"email\", \"password\", \"role\", \"created_at\", \"updated_at\" from \"users\" where \"users\".\"email\" = $1 limit $2\nparams: amanda.mena@gmail.com,1\n    at NeonHttpPreparedQuery.queryWithCache (file:///C:/Projects/aquisitions-api/node_modules/drizzle-orm/pg-core/session.js:41:15)\n    at async NeonHttpPreparedQuery.execute (file:///C:/Projects/aquisitions-api/node_modules/drizzle-orm/neon-http/session.js:45:20)\n    at async createUser (file:///C:/Projects/aquisitions-api/src/services/auth.service.js:49:26)\n    at async signup (file:///C:/Projects/aquisitions-api/src/controllers/auth.controller.js:21:18)"}
{"level":"info","message":"::1 - - [30/Jun/2026:15:35:03 +0000] \"POST /api/auth/sign-up HTTP/1.1\" 500 921 \"-\" \"HTTPie\"","service":"aquisitions-api"}
{"level":"error","message":"Error saving the data from the user, Error: Failed query: select \"id\", \"name\", \"email\", \"password\", \"role\", \"created_at\", \"updated_at\" from \"users\" where \"users\".\"email\" = $1 limit $2\nparams: amanda.mena2@gmail.com,1","service":"aquisitions-api"}
{"cause":{"name":"NeonDbError","sourceError":{}},"level":"error","message":"Erro no Cadastro Failed query: select \"id\", \"name\", \"email\", \"password\", \"role\", \"created_at\", \"updated_at\" from \"users\" where \"users\".\"email\" = $1 limit $2\nparams: amanda.mena2@gmail.com,1","params":["amanda.mena2@gmail.com",1],"query":"select \"id\", \"name\", \"email\", \"password\", \"role\", \"created_at\", \"updated_at\" from \"users\" where \"users\".\"email\" = $1 limit $2","service":"aquisitions-api","stack":"Error: Failed query: select \"id\", \"name\", \"email\", \"password\", \"role\", \"created_at\", \"updated_at\" from \"users\" where \"users\".\"email\" = $1 limit $2\nparams: amanda.mena2@gmail.com,1\n    at NeonHttpPreparedQuery.queryWithCache (file:///C:/Projects/aquisitions-api/node_modules/drizzle-orm/pg-core/session.js:41:15)\n    at async NeonHttpPreparedQuery.execute (file:///C:/Projects/aquisitions-api/node_modules/drizzle-orm/neon-http/session.js:45:20)\n    at async createUser (file:///C:/Projects/aquisitions-api/src/services/auth.service.js:49:26)\n    at async signup (file:///C:/Projects/aquisitions-api/src/controllers/auth.controller.js:21:18)"}
{"level":"info","message":"::1 - - [30/Jun/2026:15:35:28 +0000] \"POST /api/auth/sign-up HTTP/1.1\" 500 922 \"-\" \"HTTPie\"","service":"aquisitions-api"}
{"level":"info","message":"User amanda.mena2@gmail.com created successfully","service":"aquisitions-api"}
{"level":"info","message":"User registered successfully: amanda.mena2@gmail.com","service":"aquisitions-api"}
{"level":"info","message":"::1 - - [30/Jun/2026:15:40:58 +0000] \"POST /api/auth/sign-up HTTP/1.1\" 201 113 \"-\" \"HTTPie\"","service":"aquisitions-api"}
{"level":"info","message":"::1 - - [30/Jun/2026:15:41:05 +0000] \"POST /api/users/ HTTP/1.1\" 404 150 \"-\" \"HTTPie\"","service":"aquisitions-api"}
{"level":"info","message":"Buscando usuários na base de dados...","service":"aquisitions-api"}
{"level":"info","message":"::1 - - [30/Jun/2026:15:41:10 +0000] \"GET /api/users/ HTTP/1.1\" 200 42 \"-\" \"HTTPie\"","service":"aquisitions-api"}
{"level":"info","message":"Buscando usuários na base de dados...","service":"aquisitions-api"}
{"level":"info","message":"::1 - - [30/Jun/2026:15:46:57 +0000] \"GET /api/users/ HTTP/1.1\" 200 515 \"-\" \"HTTPie\"","service":"aquisitions-api"}
{"level":"info","message":"::1 - - [30/Jun/2026:16:43:40 +0000] \"GET /api/users/ HTTP/1.1\" 401 60 \"-\" \"HTTPie\"","service":"aquisitions-api"}
{"level":"info","message":"::1 - - [30/Jun/2026:16:44:01 +0000] \"POST /api/auth/sing-out HTTP/1.1\" 404 157 \"-\" \"HTTPie\"","service":"aquisitions-api"}
{"level":"info","message":"User signed out successfully","service":"aquisitions-api"}
{"level":"info","message":"::1 - - [30/Jun/2026:16:44:09 +0000] \"POST /api/auth/sign-out HTTP/1.1\" 200 31 \"-\" \"HTTPie\"","service":"aquisitions-api"}
{"level":"info","message":"User signed in successfully: admin@gmail.com","service":"aquisitions-api"}
{"level":"info","message":"::1 - - [30/Jun/2026:16:44:25 +0000] \"POST /api/auth/sign-in HTTP/1.1\" 200 102 \"-\" \"HTTPie\"","service":"aquisitions-api"}
{"level":"info","message":"::1 - - [30/Jun/2026:16:44:36 +0000] \"POST /api/users/ HTTP/1.1\" 404 150 \"-\" \"HTTPie\"","service":"aquisitions-api"}
{"level":"info","message":"::1 - - [30/Jun/2026:16:45:06 +0000] \"POST /api/users/ HTTP/1.1\" 404 150 \"-\" \"HTTPie\"","service":"aquisitions-api"}
{"level":"info","message":"::1 - - [30/Jun/2026:16:45:14 +0000] \"GET /api/users/ HTTP/1.1\" 401 60 \"-\" \"HTTPie\"","service":"aquisitions-api"}
{"level":"info","message":"User signed out successfully","service":"aquisitions-api"}
{"level":"info","message":"::1 - - [30/Jun/2026:16:45:45 +0000] \"POST /api/auth/sign-out HTTP/1.1\" 200 31 \"-\" \"HTTPie\"","service":"aquisitions-api"}
{"level":"info","message":"User signed in successfully: admin@gmail.com","service":"aquisitions-api"}
{"level":"info","message":"::1 - - [30/Jun/2026:16:45:51 +0000] \"POST /api/auth/sign-in HTTP/1.1\" 200 102 \"-\" \"HTTPie\"","service":"aquisitions-api"}
{"level":"info","message":"::1 - - [30/Jun/2026:16:46:34 +0000] \"GET /api/users/ HTTP/1.1\" 401 60 \"-\" \"HTTPie\"","service":"aquisitions-api"}
{"level":"info","message":"Buscando usuários na base de dados...","service":"aquisitions-api"}
{"level":"info","message":"::1 - - [30/Jun/2026:16:49:43 +0000] \"GET /api/users/ HTTP/1.1\" 200 515 \"-\" \"HTTPie\"","service":"aquisitions-api"}
{"level":"info","message":"::1 - - [30/Jun/2026:16:49:55 +0000] \"GET /api/users/ HTTP/1.1\" 401 60 \"-\" \"HTTPie\"","service":"aquisitions-api"}
{"level":"info","message":"Buscando usuários na base de dados...","service":"aquisitions-api"}
{"level":"info","message":"::1 - - [30/Jun/2026:16:50:01 +0000] \"GET /api/users/ HTTP/1.1\" 200 515 \"-\" \"HTTPie\"","service":"aquisitions-api"}
{"level":"info","message":"Buscando usuários na base de dados...","service":"aquisitions-api"}
{"level":"info","message":"::1 - - [30/Jun/2026:16:50:10 +0000] \"GET /api/users/ HTTP/1.1\" 200 515 \"-\" \"HTTPie\"","service":"aquisitions-api"}
{"level":"info","message":"User 2 fetched successfully","service":"aquisitions-api"}
{"level":"info","message":"::1 - - [30/Jun/2026:16:50:19 +0000] \"GET /api/users/2 HTTP/1.1\" 200 169 \"-\" \"HTTPie\"","service":"aquisitions-api"}
{"level":"info","message":"::ffff:127.0.0.1 - - [30/Jun/2026:17:49:50 +0000] \"GET /health HTTP/1.1\" 200 73 \"-\" \"-\"","service":"aquisitions-api"}
{"level":"info","message":"::ffff:127.0.0.1 - - [30/Jun/2026:17:49:50 +0000] \"GET /api HTTP/1.1\" 200 40 \"-\" \"-\"","service":"aquisitions-api"}
{"level":"info","message":"User registered successfully: new@example.com","service":"aquisitions-api"}
{"level":"info","message":"::ffff:127.0.0.1 - - [30/Jun/2026:17:49:50 +0000] \"POST /api/auth/sign-up HTTP/1.1\" 201 103 \"-\" \"-\"","service":"aquisitions-api"}
{"level":"info","message":"::ffff:127.0.0.1 - - [30/Jun/2026:17:49:50 +0000] \"POST /api/auth/sign-up HTTP/1.1\" 400 63 \"-\" \"-\"","service":"aquisitions-api"}
{"level":"info","message":"::ffff:127.0.0.1 - - [30/Jun/2026:17:49:50 +0000] \"POST /api/auth/sign-up HTTP/1.1\" 400 144 \"-\" \"-\"","service":"aquisitions-api"}
{"level":"error","message":"Erro no Cadastro User with this email already exists","service":"aquisitions-api","stack":"Error: User with this email already exists\n    at Object.<anonymous> (C:\\Projects\\aquisitions-api\\tests\\app.test.js:150:7)\n    at Promise.finally.completed (C:\\Projects\\aquisitions-api\\node_modules\\jest-circus\\build\\jestAdapterInit.js:1561:28)\n    at new Promise (<anonymous>)\n    at callAsyncCircusFn (C:\\Projects\\aquisitions-api\\node_modules\\jest-circus\\build\\jestAdapterInit.js:1501:10)\n    at _callCircusTest (C:\\Projects\\aquisitions-api\\node_modules\\jest-circus\\build\\jestAdapterInit.js:1011:40)\n    at processTicksAndRejections (node:internal/process/task_queues:105:5)\n    at _runTest (C:\\Projects\\aquisitions-api\\node_modules\\jest-circus\\build\\jestAdapterInit.js:951:3)\n    at C:\\Projects\\aquisitions-api\\node_modules\\jest-circus\\build\\jestAdapterInit.js:853:7\n    at _runTestsForDescribeBlock (C:\\Projects\\aquisitions-api\\node_modules\\jest-circus\\build\\jestAdapterInit.js:866:11)\n    at _runTestsForDescribeBlock (C:\\Projects\\aquisitions-api\\node_modules\\jest-circus\\build\\jestAdapterInit.js:861:11)\n    at run (C:\\Projects\\aquisitions-api\\node_modules\\jest-circus\\build\\jestAdapterInit.js:765:3)\n    at runAndTransformResultsToJestFormat (C:\\Projects\\aquisitions-api\\node_modules\\jest-circus\\build\\jestAdapterInit.js:1993:21)\n    at jestAdapter (C:\\Projects\\aquisitions-api\\node_modules\\jest-circus\\build\\runner.js:111:19)\n    at runTestInternal (C:\\Projects\\aquisitions-api\\node_modules\\jest-runner\\build\\index.js:276:16)\n    at runTest (C:\\Projects\\aquisitions-api\\node_modules\\jest-runner\\build\\index.js:344:7)"}
{"level":"info","message":"::ffff:127.0.0.1 - - [30/Jun/2026:17:49:50 +0000] \"POST /api/auth/sign-up HTTP/1.1\" 409 31 \"-\" \"-\"","service":"aquisitions-api"}
{"level":"info","message":"User signed in successfully: user@example.com","service":"aquisitions-api"}
{"level":"info","message":"::ffff:127.0.0.1 - - [30/Jun/2026:17:49:50 +0000] \"POST /api/auth/sign-in HTTP/1.1\" 200 106 \"-\" \"-\"","service":"aquisitions-api"}
{"level":"info","message":"::ffff:127.0.0.1 - - [30/Jun/2026:17:49:50 +0000] \"POST /api/auth/sign-in HTTP/1.1\" 400 92 \"-\" \"-\"","service":"aquisitions-api"}
{"level":"error","message":"Error on sign-in Invalid credentials","service":"aquisitions-api","stack":"Error: Invalid credentials\n    at Object.<anonymous> (C:\\Projects\\aquisitions-api\\tests\\app.test.js:187:44)\n    at Promise.finally.completed (C:\\Projects\\aquisitions-api\\node_modules\\jest-circus\\build\\jestAdapterInit.js:1561:28)\n    at new Promise (<anonymous>)\n    at callAsyncCircusFn (C:\\Projects\\aquisitions-api\\node_modules\\jest-circus\\build\\jestAdapterInit.js:1501:10)\n    at _callCircusTest (C:\\Projects\\aquisitions-api\\node_modules\\jest-circus\\build\\jestAdapterInit.js:1011:40)\n    at processTicksAndRejections (node:internal/process/task_queues:105:5)\n    at _runTest (C:\\Projects\\aquisitions-api\\node_modules\\jest-circus\\build\\jestAdapterInit.js:951:3)\n    at C:\\Projects\\aquisitions-api\\node_modules\\jest-circus\\build\\jestAdapterInit.js:853:7\n    at _runTestsForDescribeBlock (C:\\Projects\\aquisitions-api\\node_modules\\jest-circus\\build\\jestAdapterInit.js:866:11)\n    at _runTestsForDescribeBlock (C:\\Projects\\aquisitions-api\\node_modules\\jest-circus\\build\\jestAdapterInit.js:861:11)\n    at run (C:\\Projects\\aquisitions-api\\node_modules\\jest-circus\\build\\jestAdapterInit.js:765:3)\n    at runAndTransformResultsToJestFormat (C:\\Projects\\aquisitions-api\\node_modules\\jest-circus\\build\\jestAdapterInit.js:1993:21)\n    at jestAdapter (C:\\Projects\\aquisitions-api\\node_modules\\jest-circus\\build\\runner.js:111:19)\n    at runTestInternal (C:\\Projects\\aquisitions-api\\node_modules\\jest-runner\\build\\index.js:276:16)\n    at runTest (C:\\Projects\\aquisitions-api\\node_modules\\jest-runner\\build\\index.js:344:7)"}
{"level":"info","message":"::ffff:127.0.0.1 - - [30/Jun/2026:17:49:50 +0000] \"POST /api/auth/sign-in HTTP/1.1\" 401 37 \"-\" \"-\"","service":"aquisitions-api"}
{"level":"error","message":"Error on sign-in User not found","service":"aquisitions-api","stack":"Error: User not found\n    at Object.<anonymous> (C:\\Projects\\aquisitions-api\\tests\\app.test.js:196:44)\n    at Promise.finally.completed (C:\\Projects\\aquisitions-api\\node_modules\\jest-circus\\build\\jestAdapterInit.js:1561:28)\n    at new Promise (<anonymous>)\n    at callAsyncCircusFn (C:\\Projects\\aquisitions-api\\node_modules\\jest-circus\\build\\jestAdapterInit.js:1501:10)\n    at _callCircusTest (C:\\Projects\\aquisitions-api\\node_modules\\jest-circus\\build\\jestAdapterInit.js:1011:40)\n    at processTicksAndRejections (node:internal/process/task_queues:105:5)\n    at _runTest (C:\\Projects\\aquisitions-api\\node_modules\\jest-circus\\build\\jestAdapterInit.js:951:3)\n    at C:\\Projects\\aquisitions-api\\node_modules\\jest-circus\\build\\jestAdapterInit.js:853:7\n    at _runTestsForDescribeBlock (C:\\Projects\\aquisitions-api\\node_modules\\jest-circus\\build\\jestAdapterInit.js:866:11)\n    at _runTestsForDescribeBlock (C:\\Projects\\aquisitions-api\\node_modules\\jest-circus\\build\\jestAdapterInit.js:861:11)\n    at run (C:\\Projects\\aquisitions-api\\node_modules\\jest-circus\\build\\jestAdapterInit.js:765:3)\n    at runAndTransformResultsToJestFormat (C:\\Projects\\aquisitions-api\\node_modules\\jest-circus\\build\\jestAdapterInit.js:1993:21)\n    at jestAdapter (C:\\Projects\\aquisitions-api\\node_modules\\jest-circus\\build\\runner.js:111:19)\n    at runTestInternal (C:\\Projects\\aquisitions-api\\node_modules\\jest-runner\\build\\index.js:276:16)\n    at runTest (C:\\Projects\\aquisitions-api\\node_modules\\jest-runner\\build\\index.js:344:7)"}
{"level":"info","message":"::ffff:127.0.0.1 - - [30/Jun/2026:17:49:50 +0000] \"POST /api/auth/sign-in HTTP/1.1\" 401 37 \"-\" \"-\"","service":"aquisitions-api"}
{"level":"info","message":"User signed out successfully","service":"aquisitions-api"}
{"level":"info","message":"::ffff:127.0.0.1 - - [30/Jun/2026:17:49:50 +0000] \"POST /api/auth/sign-out HTTP/1.1\" 200 31 \"-\" \"-\"","service":"aquisitions-api"}
{"level":"info","message":"::ffff:127.0.0.1 - - [30/Jun/2026:17:49:50 +0000] \"GET /api/users HTTP/1.1\" 401 60 \"-\" \"-\"","service":"aquisitions-api"}
{"level":"info","message":"Buscando usuários na base de dados...","service":"aquisitions-api"}
{"level":"info","message":"::ffff:127.0.0.1 - - [30/Jun/2026:17:49:50 +0000] \"GET /api/users HTTP/1.1\" 200 353 \"-\" \"-\"","service":"aquisitions-api"}
{"level":"info","message":"Buscando usuários na base de dados...","service":"aquisitions-api"}
{"level":"info","message":"::ffff:127.0.0.1 - - [30/Jun/2026:17:49:50 +0000] \"GET /api/users HTTP/1.1\" 200 53 \"-\" \"-\"","service":"aquisitions-api"}
{"level":"info","message":"::ffff:127.0.0.1 - - [30/Jun/2026:17:49:50 +0000] \"GET /api/users/1 HTTP/1.1\" 401 60 \"-\" \"-\"","service":"aquisitions-api"}
{"level":"info","message":"::ffff:127.0.0.1 - - [30/Jun/2026:17:49:50 +0000] \"GET /api/users/abc HTTP/1.1\" 400 86 \"-\" \"-\"","service":"aquisitions-api"}
{"level":"info","message":"::ffff:127.0.0.1 - - [30/Jun/2026:17:49:50 +0000] \"GET /api/users/99 HTTP/1.1\" 404 26 \"-\" \"-\"","service":"aquisitions-api"}
{"level":"info","message":"User 1 fetched successfully","service":"aquisitions-api"}
{"level":"info","message":"::ffff:127.0.0.1 - - [30/Jun/2026:17:49:50 +0000] \"GET /api/users/1 HTTP/1.1\" 200 157 \"-\" \"-\"","service":"aquisitions-api"}
{"level":"info","message":"::ffff:127.0.0.1 - - [30/Jun/2026:17:49:50 +0000] \"PUT /api/users/1 HTTP/1.1\" 401 60 \"-\" \"-\"","service":"aquisitions-api"}
{"level":"info","message":"::ffff:127.0.0.1 - - [30/Jun/2026:17:49:50 +0000] \"PUT /api/users/abc HTTP/1.1\" 400 86 \"-\" \"-\"","service":"aquisitions-api"}
{"level":"info","message":"::ffff:127.0.0.1 - - [30/Jun/2026:17:49:50 +0000] \"PUT /api/users/1 HTTP/1.1\" 400 88 \"-\" \"-\"","service":"aquisitions-api"}
{"level":"info","message":"::ffff:127.0.0.1 - - [30/Jun/2026:17:49:50 +0000] \"PUT /api/users/99 HTTP/1.1\" 403 74 \"-\" \"-\"","service":"aquisitions-api"}
{"level":"info","message":"::ffff:127.0.0.1 - - [30/Jun/2026:17:49:50 +0000] \"PUT /api/users/1 HTTP/1.1\" 403 67 \"-\" \"-\"","service":"aquisitions-api"}
{"level":"info","message":"User 1 updated successfully","service":"aquisitions-api"}
{"level":"info","message":"::ffff:127.0.0.1 - - [30/Jun/2026:17:49:50 +0000] \"PUT /api/users/1 HTTP/1.1\" 200 198 \"-\" \"-\"","service":"aquisitions-api"}
{"level":"info","message":"User 1 updated successfully","service":"aquisitions-api"}
{"level":"info","message":"::ffff:127.0.0.1 - - [30/Jun/2026:17:49:50 +0000] \"PUT /api/users/1 HTTP/1.1\" 200 196 \"-\" \"-\"","service":"aquisitions-api"}
{"level":"error","message":"Error updating user:  User not found","service":"aquisitions-api","stack":"Error: User not found\n    at Object.<anonymous> (C:\\Projects\\aquisitions-api\\tests\\app.test.js:369:38)\n    at Promise.finally.completed (C:\\Projects\\aquisitions-api\\node_modules\\jest-circus\\build\\jestAdapterInit.js:1561:28)\n    at new Promise (<anonymous>)\n    at callAsyncCircusFn (C:\\Projects\\aquisitions-api\\node_modules\\jest-circus\\build\\jestAdapterInit.js:1501:10)\n    at _callCircusTest (C:\\Projects\\aquisitions-api\\node_modules\\jest-circus\\build\\jestAdapterInit.js:1011:40)\n    at processTicksAndRejections (node:internal/process/task_queues:105:5)\n    at _runTest (C:\\Projects\\aquisitions-api\\node_modules\\jest-circus\\build\\jestAdapterInit.js:951:3)\n    at C:\\Projects\\aquisitions-api\\node_modules\\jest-circus\\build\\jestAdapterInit.js:853:7\n    at _runTestsForDescribeBlock (C:\\Projects\\aquisitions-api\\node_modules\\jest-circus\\build\\jestAdapterInit.js:866:11)\n    at _runTestsForDescribeBlock (C:\\Projects\\aquisitions-api\\node_modules\\jest-circus\\build\\jestAdapterInit.js:861:11)\n    at run (C:\\Projects\\aquisitions-api\\node_modules\\jest-circus\\build\\jestAdapterInit.js:765:3)\n    at runAndTransformResultsToJestFormat (C:\\Projects\\aquisitions-api\\node_modules\\jest-circus\\build\\jestAdapterInit.js:1993:21)\n    at jestAdapter (C:\\Projects\\aquisitions-api\\node_modules\\jest-circus\\build\\runner.js:111:19)\n    at runTestInternal (C:\\Projects\\aquisitions-api\\node_modules\\jest-runner\\build\\index.js:276:16)\n    at runTest (C:\\Projects\\aquisitions-api\\node_modules\\jest-runner\\build\\index.js:344:7)"}
{"level":"info","message":"::ffff:127.0.0.1 - - [30/Jun/2026:17:49:50 +0000] \"PUT /api/users/99 HTTP/1.1\" 404 26 \"-\" \"-\"","service":"aquisitions-api"}
{"level":"info","message":"::ffff:127.0.0.1 - - [30/Jun/2026:17:49:51 +0000] \"DELETE /api/users/1 HTTP/1.1\" 401 60 \"-\" \"-\"","service":"aquisitions-api"}
{"level":"info","message":"::ffff:127.0.0.1 - - [30/Jun/2026:17:49:51 +0000] \"DELETE /api/users/abc HTTP/1.1\" 400 86 \"-\" \"-\"","service":"aquisitions-api"}
{"level":"info","message":"::ffff:127.0.0.1 - - [30/Jun/2026:17:49:51 +0000] \"DELETE /api/users/99 HTTP/1.1\" 403 70 \"-\" \"-\"","service":"aquisitions-api"}
{"level":"error","message":"Error deleting user:  User not found","service":"aquisitions-api","stack":"Error: User not found\n    at Object.<anonymous> (C:\\Projects\\aquisitions-api\\tests\\app.test.js:408:38)\n    at Promise.finally.completed (C:\\Projects\\aquisitions-api\\node_modules\\jest-circus\\build\\jestAdapterInit.js:1561:28)\n    at new Promise (<anonymous>)\n    at callAsyncCircusFn (C:\\Projects\\aquisitions-api\\node_modules\\jest-circus\\build\\jestAdapterInit.js:1501:10)\n    at _callCircusTest (C:\\Projects\\aquisitions-api\\node_modules\\jest-circus\\build\\jestAdapterInit.js:1011:40)\n    at processTicksAndRejections (node:internal/process/task_queues:105:5)\n    at _runTest (C:\\Projects\\aquisitions-api\\node_modules\\jest-circus\\build\\jestAdapterInit.js:951:3)\n    at C:\\Projects\\aquisitions-api\\node_modules\\jest-circus\\build\\jestAdapterInit.js:853:7\n    at _runTestsForDescribeBlock (C:\\Projects\\aquisitions-api\\node_modules\\jest-circus\\build\\jestAdapterInit.js:866:11)\n    at _runTestsForDescribeBlock (C:\\Projects\\aquisitions-api\\node_modules\\jest-circus\\build\\jestAdapterInit.js:861:11)\n    at run (C:\\Projects\\aquisitions-api\\node_modules\\jest-circus\\build\\jestAdapterInit.js:765:3)\n    at runAndTransformResultsToJestFormat (C:\\Projects\\aquisitions-api\\node_modules\\jest-circus\\build\\jestAdapterInit.js:1993:21)\n    at jestAdapter (C:\\Projects\\aquisitions-api\\node_modules\\jest-circus\\build\\runner.js:111:19)\n    at runTestInternal (C:\\Projects\\aquisitions-api\\node_modules\\jest-runner\\build\\index.js:276:16)\n    at runTest (C:\\Projects\\aquisitions-api\\node_modules\\jest-runner\\build\\index.js:344:7)"}
{"level":"info","message":"::ffff:127.0.0.1 - - [30/Jun/2026:17:49:51 +0000] \"DELETE /api/users/99 HTTP/1.1\" 404 26 \"-\" \"-\"","service":"aquisitions-api"}
{"level":"info","message":"User 1 deleted successfully","service":"aquisitions-api"}
{"level":"info","message":"::ffff:127.0.0.1 - - [30/Jun/2026:17:49:51 +0000] \"DELETE /api/users/1 HTTP/1.1\" 200 39 \"-\" \"-\"","service":"aquisitions-api"}
{"level":"info","message":"User 1 deleted successfully","service":"aquisitions-api"}
{"level":"info","message":"::ffff:127.0.0.1 - - [30/Jun/2026:17:49:51 +0000] \"DELETE /api/users/1 HTTP/1.1\" 200 39 \"-\" \"-\"","service":"aquisitions-api"}
{"level":"info","message":"::ffff:127.0.0.1 - - [01/Jul/2026:05:29:39 +0000] \"GET /health HTTP/1.1\" 200 73 \"-\" \"-\"","service":"aquisitions-api"}
{"level":"info","message":"::ffff:127.0.0.1 - - [01/Jul/2026:05:29:39 +0000] \"GET /api HTTP/1.1\" 200 40 \"-\" \"-\"","service":"aquisitions-api"}
{"level":"info","message":"User registered successfully: new@example.com","service":"aquisitions-api"}
{"level":"info","message":"::ffff:127.0.0.1 - - [01/Jul/2026:05:29:39 +0000] \"POST /api/auth/sign-up HTTP/1.1\" 201 103 \"-\" \"-\"","service":"aquisitions-api"}
{"level":"info","message":"::ffff:127.0.0.1 - - [01/Jul/2026:05:29:39 +0000] \"POST /api/auth/sign-up HTTP/1.1\" 400 63 \"-\" \"-\"","service":"aquisitions-api"}
{"level":"info","message":"::ffff:127.0.0.1 - - [01/Jul/2026:05:29:39 +0000] \"POST /api/auth/sign-up HTTP/1.1\" 400 144 \"-\" \"-\"","service":"aquisitions-api"}
{"level":"error","message":"Erro no Cadastro User with this email already exists","service":"aquisitions-api","stack":"Error: User with this email already exists\n    at Object.<anonymous> (C:\\Projects\\aquisitions-api\\tests\\app.test.js:161:7)\n    at Promise.finally.completed (C:\\Projects\\aquisitions-api\\node_modules\\jest-circus\\build\\jestAdapterInit.js:1561:28)\n    at new Promise (<anonymous>)\n    at callAsyncCircusFn (C:\\Projects\\aquisitions-api\\node_modules\\jest-circus\\build\\jestAdapterInit.js:1501:10)\n    at _callCircusTest (C:\\Projects\\aquisitions-api\\node_modules\\jest-circus\\build\\jestAdapterInit.js:1011:40)\n    at processTicksAndRejections (node:internal/process/task_queues:105:5)\n    at _runTest (C:\\Projects\\aquisitions-api\\node_modules\\jest-circus\\build\\jestAdapterInit.js:951:3)\n    at C:\\Projects\\aquisitions-api\\node_modules\\jest-circus\\build\\jestAdapterInit.js:853:7\n    at _runTestsForDescribeBlock (C:\\Projects\\aquisitions-api\\node_modules\\jest-circus\\build\\jestAdapterInit.js:866:11)\n    at _runTestsForDescribeBlock (C:\\Projects\\aquisitions-api\\node_modules\\jest-circus\\build\\jestAdapterInit.js:861:11)\n    at run (C:\\Projects\\aquisitions-api\\node_modules\\jest-circus\\build\\jestAdapterInit.js:765:3)\n    at runAndTransformResultsToJestFormat (C:\\Projects\\aquisitions-api\\node_modules\\jest-circus\\build\\jestAdapterInit.js:1993:21)\n    at jestAdapter (C:\\Projects\\aquisitions-api\\node_modules\\jest-circus\\build\\runner.js:111:19)\n    at runTestInternal (C:\\Projects\\aquisitions-api\\node_modules\\jest-runner\\build\\index.js:276:16)\n    at runTest (C:\\Projects\\aquisitions-api\\node_modules\\jest-runner\\build\\index.js:344:7)"}
{"level":"info","message":"::ffff:127.0.0.1 - - [01/Jul/2026:05:29:39 +0000] \"POST /api/auth/sign-up HTTP/1.1\" 409 31 \"-\" \"-\"","service":"aquisitions-api"}
{"level":"info","message":"User signed in successfully: user@example.com","service":"aquisitions-api"}
{"level":"info","message":"::ffff:127.0.0.1 - - [01/Jul/2026:05:29:39 +0000] \"POST /api/auth/sign-in HTTP/1.1\" 200 106 \"-\" \"-\"","service":"aquisitions-api"}
{"level":"info","message":"::ffff:127.0.0.1 - - [01/Jul/2026:05:29:39 +0000] \"POST /api/auth/sign-in HTTP/1.1\" 400 92 \"-\" \"-\"","service":"aquisitions-api"}
{"level":"error","message":"Error on sign-in Invalid credentials","service":"aquisitions-api","stack":"Error: Invalid credentials\n    at Object.<anonymous> (C:\\Projects\\aquisitions-api\\tests\\app.test.js:198:44)\n    at Promise.finally.completed (C:\\Projects\\aquisitions-api\\node_modules\\jest-circus\\build\\jestAdapterInit.js:1561:28)\n    at new Promise (<anonymous>)\n    at callAsyncCircusFn (C:\\Projects\\aquisitions-api\\node_modules\\jest-circus\\build\\jestAdapterInit.js:1501:10)\n    at _callCircusTest (C:\\Projects\\aquisitions-api\\node_modules\\jest-circus\\build\\jestAdapterInit.js:1011:40)\n    at processTicksAndRejections (node:internal/process/task_queues:105:5)\n    at _runTest (C:\\Projects\\aquisitions-api\\node_modules\\jest-circus\\build\\jestAdapterInit.js:951:3)\n    at C:\\Projects\\aquisitions-api\\node_modules\\jest-circus\\build\\jestAdapterInit.js:853:7\n    at _runTestsForDescribeBlock (C:\\Projects\\aquisitions-api\\node_modules\\jest-circus\\build\\jestAdapterInit.js:866:11)\n    at _runTestsForDescribeBlock (C:\\Projects\\aquisitions-api\\node_modules\\jest-circus\\build\\jestAdapterInit.js:861:11)\n    at run (C:\\Projects\\aquisitions-api\\node_modules\\jest-circus\\build\\jestAdapterInit.js:765:3)\n    at runAndTransformResultsToJestFormat (C:\\Projects\\aquisitions-api\\node_modules\\jest-circus\\build\\jestAdapterInit.js:1993:21)\n    at jestAdapter (C:\\Projects\\aquisitions-api\\node_modules\\jest-circus\\build\\runner.js:111:19)\n    at runTestInternal (C:\\Projects\\aquisitions-api\\node_modules\\jest-runner\\build\\index.js:276:16)\n    at runTest (C:\\Projects\\aquisitions-api\\node_modules\\jest-runner\\build\\index.js:344:7)"}
{"level":"info","message":"::ffff:127.0.0.1 - - [01/Jul/2026:05:29:39 +0000] \"POST /api/auth/sign-in HTTP/1.1\" 401 37 \"-\" \"-\"","service":"aquisitions-api"}
{"level":"error","message":"Error on sign-in User not found","service":"aquisitions-api","stack":"Error: User not found\n    at Object.<anonymous> (C:\\Projects\\aquisitions-api\\tests\\app.test.js:207:44)\n    at Promise.finally.completed (C:\\Projects\\aquisitions-api\\node_modules\\jest-circus\\build\\jestAdapterInit.js:1561:28)\n    at new Promise (<anonymous>)\n    at callAsyncCircusFn (C:\\Projects\\aquisitions-api\\node_modules\\jest-circus\\build\\jestAdapterInit.js:1501:10)\n    at _callCircusTest (C:\\Projects\\aquisitions-api\\node_modules\\jest-circus\\build\\jestAdapterInit.js:1011:40)\n    at processTicksAndRejections (node:internal/process/task_queues:105:5)\n    at _runTest (C:\\Projects\\aquisitions-api\\node_modules\\jest-circus\\build\\jestAdapterInit.js:951:3)\n    at C:\\Projects\\aquisitions-api\\node_modules\\jest-circus\\build\\jestAdapterInit.js:853:7\n    at _runTestsForDescribeBlock (C:\\Projects\\aquisitions-api\\node_modules\\jest-circus\\build\\jestAdapterInit.js:866:11)\n    at _runTestsForDescribeBlock (C:\\Projects\\aquisitions-api\\node_modules\\jest-circus\\build\\jestAdapterInit.js:861:11)\n    at run (C:\\Projects\\aquisitions-api\\node_modules\\jest-circus\\build\\jestAdapterInit.js:765:3)\n    at runAndTransformResultsToJestFormat (C:\\Projects\\aquisitions-api\\node_modules\\jest-circus\\build\\jestAdapterInit.js:1993:21)\n    at jestAdapter (C:\\Projects\\aquisitions-api\\node_modules\\jest-circus\\build\\runner.js:111:19)\n    at runTestInternal (C:\\Projects\\aquisitions-api\\node_modules\\jest-runner\\build\\index.js:276:16)\n    at runTest (C:\\Projects\\aquisitions-api\\node_modules\\jest-runner\\build\\index.js:344:7)"}
{"level":"info","message":"::ffff:127.0.0.1 - - [01/Jul/2026:05:29:39 +0000] \"POST /api/auth/sign-in HTTP/1.1\" 401 37 \"-\" \"-\"","service":"aquisitions-api"}
{"level":"info","message":"User signed out successfully","service":"aquisitions-api"}
{"level":"info","message":"::ffff:127.0.0.1 - - [01/Jul/2026:05:29:39 +0000] \"POST /api/auth/sign-out HTTP/1.1\" 200 31 \"-\" \"-\"","service":"aquisitions-api"}
{"level":"info","message":"::ffff:127.0.0.1 - - [01/Jul/2026:05:29:39 +0000] \"GET /api/users HTTP/1.1\" 401 60 \"-\" \"-\"","service":"aquisitions-api"}
{"level":"info","message":"Buscando usuários na base de dados...","service":"aquisitions-api"}
{"level":"info","message":"::ffff:127.0.0.1 - - [01/Jul/2026:05:29:39 +0000] \"GET /api/users HTTP/1.1\" 200 353 \"-\" \"-\"","service":"aquisitions-api"}
{"level":"info","message":"Buscando usuários na base de dados...","service":"aquisitions-api"}
{"level":"info","message":"::ffff:127.0.0.1 - - [01/Jul/2026:05:29:39 +0000] \"GET /api/users HTTP/1.1\" 200 53 \"-\" \"-\"","service":"aquisitions-api"}
{"level":"info","message":"::ffff:127.0.0.1 - - [01/Jul/2026:05:29:39 +0000] \"GET /api/users/1 HTTP/1.1\" 401 60 \"-\" \"-\"","service":"aquisitions-api"}
{"level":"info","message":"::ffff:127.0.0.1 - - [01/Jul/2026:05:29:39 +0000] \"GET /api/users/abc HTTP/1.1\" 400 86 \"-\" \"-\"","service":"aquisitions-api"}
{"level":"info","message":"::ffff:127.0.0.1 - - [01/Jul/2026:05:29:39 +0000] \"GET /api/users/99 HTTP/1.1\" 404 26 \"-\" \"-\"","service":"aquisitions-api"}
{"level":"info","message":"User 1 fetched successfully","service":"aquisitions-api"}
{"level":"info","message":"::ffff:127.0.0.1 - - [01/Jul/2026:05:29:39 +0000] \"GET /api/users/1 HTTP/1.1\" 200 157 \"-\" \"-\"","service":"aquisitions-api"}
{"level":"info","message":"::ffff:127.0.0.1 - - [01/Jul/2026:05:29:39 +0000] \"PUT /api/users/1 HTTP/1.1\" 401 60 \"-\" \"-\"","service":"aquisitions-api"}
{"level":"info","message":"::ffff:127.0.0.1 - - [01/Jul/2026:05:29:39 +0000] \"PUT /api/users/abc HTTP/1.1\" 400 86 \"-\" \"-\"","service":"aquisitions-api"}
{"level":"info","message":"::ffff:127.0.0.1 - - [01/Jul/2026:05:29:39 +0000] \"PUT /api/users/1 HTTP/1.1\" 400 88 \"-\" \"-\"","service":"aquisitions-api"}
{"level":"info","message":"::ffff:127.0.0.1 - - [01/Jul/2026:05:29:39 +0000] \"PUT /api/users/99 HTTP/1.1\" 403 74 \"-\" \"-\"","service":"aquisitions-api"}
{"level":"info","message":"::ffff:127.0.0.1 - - [01/Jul/2026:05:29:39 +0000] \"PUT /api/users/1 HTTP/1.1\" 403 67 \"-\" \"-\"","service":"aquisitions-api"}
{"level":"info","message":"User 1 updated successfully","service":"aquisitions-api"}
{"level":"info","message":"::ffff:127.0.0.1 - - [01/Jul/2026:05:29:39 +0000] \"PUT /api/users/1 HTTP/1.1\" 200 198 \"-\" \"-\"","service":"aquisitions-api"}
{"level":"info","message":"User 1 updated successfully","service":"aquisitions-api"}
{"level":"info","message":"::ffff:127.0.0.1 - - [01/Jul/2026:05:29:39 +0000] \"PUT /api/users/1 HTTP/1.1\" 200 196 \"-\" \"-\"","service":"aquisitions-api"}
{"level":"error","message":"Error updating user:  User not found","service":"aquisitions-api","stack":"Error: User not found\n    at Object.<anonymous> (C:\\Projects\\aquisitions-api\\tests\\app.test.js:372:38)\n    at Promise.finally.completed (C:\\Projects\\aquisitions-api\\node_modules\\jest-circus\\build\\jestAdapterInit.js:1561:28)\n    at new Promise (<anonymous>)\n    at callAsyncCircusFn (C:\\Projects\\aquisitions-api\\node_modules\\jest-circus\\build\\jestAdapterInit.js:1501:10)\n    at _callCircusTest (C:\\Projects\\aquisitions-api\\node_modules\\jest-circus\\build\\jestAdapterInit.js:1011:40)\n    at processTicksAndRejections (node:internal/process/task_queues:105:5)\n    at _runTest (C:\\Projects\\aquisitions-api\\node_modules\\jest-circus\\build\\jestAdapterInit.js:951:3)\n    at C:\\Projects\\aquisitions-api\\node_modules\\jest-circus\\build\\jestAdapterInit.js:853:7\n    at _runTestsForDescribeBlock (C:\\Projects\\aquisitions-api\\node_modules\\jest-circus\\build\\jestAdapterInit.js:866:11)\n    at _runTestsForDescribeBlock (C:\\Projects\\aquisitions-api\\node_modules\\jest-circus\\build\\jestAdapterInit.js:861:11)\n    at run (C:\\Projects\\aquisitions-api\\node_modules\\jest-circus\\build\\jestAdapterInit.js:765:3)\n    at runAndTransformResultsToJestFormat (C:\\Projects\\aquisitions-api\\node_modules\\jest-circus\\build\\jestAdapterInit.js:1993:21)\n    at jestAdapter (C:\\Projects\\aquisitions-api\\node_modules\\jest-circus\\build\\runner.js:111:19)\n    at runTestInternal (C:\\Projects\\aquisitions-api\\node_modules\\jest-runner\\build\\index.js:276:16)\n    at runTest (C:\\Projects\\aquisitions-api\\node_modules\\jest-runner\\build\\index.js:344:7)"}
{"level":"info","message":"::ffff:127.0.0.1 - - [01/Jul/2026:05:29:39 +0000] \"PUT /api/users/99 HTTP/1.1\" 404 26 \"-\" \"-\"","service":"aquisitions-api"}
{"level":"info","message":"::ffff:127.0.0.1 - - [01/Jul/2026:05:29:39 +0000] \"DELETE /api/users/1 HTTP/1.1\" 401 60 \"-\" \"-\"","service":"aquisitions-api"}
{"level":"info","message":"::ffff:127.0.0.1 - - [01/Jul/2026:05:29:39 +0000] \"DELETE /api/users/abc HTTP/1.1\" 400 86 \"-\" \"-\"","service":"aquisitions-api"}
{"level":"info","message":"::ffff:127.0.0.1 - - [01/Jul/2026:05:29:39 +0000] \"DELETE /api/users/99 HTTP/1.1\" 403 70 \"-\" \"-\"","service":"aquisitions-api"}
{"level":"error","message":"Error deleting user:  User not found","service":"aquisitions-api","stack":"Error: User not found\n    at Object.<anonymous> (C:\\Projects\\aquisitions-api\\tests\\app.test.js:411:38)\n    at Promise.finally.completed (C:\\Projects\\aquisitions-api\\node_modules\\jest-circus\\build\\jestAdapterInit.js:1561:28)\n    at new Promise (<anonymous>)\n    at callAsyncCircusFn (C:\\Projects\\aquisitions-api\\node_modules\\jest-circus\\build\\jestAdapterInit.js:1501:10)\n    at _callCircusTest (C:\\Projects\\aquisitions-api\\node_modules\\jest-circus\\build\\jestAdapterInit.js:1011:40)\n    at processTicksAndRejections (node:internal/process/task_queues:105:5)\n    at _runTest (C:\\Projects\\aquisitions-api\\node_modules\\jest-circus\\build\\jestAdapterInit.js:951:3)\n    at C:\\Projects\\aquisitions-api\\node_modules\\jest-circus\\build\\jestAdapterInit.js:853:7\n    at _runTestsForDescribeBlock (C:\\Projects\\aquisitions-api\\node_modules\\jest-circus\\build\\jestAdapterInit.js:866:11)\n    at _runTestsForDescribeBlock (C:\\Projects\\aquisitions-api\\node_modules\\jest-circus\\build\\jestAdapterInit.js:861:11)\n    at run (C:\\Projects\\aquisitions-api\\node_modules\\jest-circus\\build\\jestAdapterInit.js:765:3)\n    at runAndTransformResultsToJestFormat (C:\\Projects\\aquisitions-api\\node_modules\\jest-circus\\build\\jestAdapterInit.js:1993:21)\n    at jestAdapter (C:\\Projects\\aquisitions-api\\node_modules\\jest-circus\\build\\runner.js:111:19)\n    at runTestInternal (C:\\Projects\\aquisitions-api\\node_modules\\jest-runner\\build\\index.js:276:16)\n    at runTest (C:\\Projects\\aquisitions-api\\node_modules\\jest-runner\\build\\index.js:344:7)"}
{"level":"info","message":"::ffff:127.0.0.1 - - [01/Jul/2026:05:29:39 +0000] \"DELETE /api/users/99 HTTP/1.1\" 404 26 \"-\" \"-\"","service":"aquisitions-api"}
{"level":"info","message":"User 1 deleted successfully","service":"aquisitions-api"}
{"level":"info","message":"::ffff:127.0.0.1 - - [01/Jul/2026:05:29:39 +0000] \"DELETE /api/users/1 HTTP/1.1\" 200 39 \"-\" \"-\"","service":"aquisitions-api"}
{"level":"info","message":"User 1 deleted successfully","service":"aquisitions-api"}
{"level":"info","message":"::ffff:127.0.0.1 - - [01/Jul/2026:05:29:39 +0000] \"DELETE /api/users/1 HTTP/1.1\" 200 39 \"-\" \"-\"","service":"aquisitions-api"}
