{"level":"error","message":"Erro no Cadastro Cannot destructure property 'name' of 'validationResult.data' as it is undefined.","service":"aquisitions-api","stack":"TypeError: Cannot destructure property 'name' of 'validationResult.data' as it is undefined.\n    at signup (file:///C:/Projects/aquisitions-api/src/controllers/auth.controller.js:9:13)\n    at Layer.handleRequest (C:\\Projects\\aquisitions-api\\node_modules\\router\\lib\\layer.js:152:17)\n    at next (C:\\Projects\\aquisitions-api\\node_modules\\router\\lib\\route.js:157:13)\n    at Route.dispatch (C:\\Projects\\aquisitions-api\\node_modules\\router\\lib\\route.js:117:3)\n    at handle (C:\\Projects\\aquisitions-api\\node_modules\\router\\index.js:435:11)\n    at Layer.handleRequest (C:\\Projects\\aquisitions-api\\node_modules\\router\\lib\\layer.js:152:17)\n    at C:\\Projects\\aquisitions-api\\node_modules\\router\\index.js:295:15\n    at processParams (C:\\Projects\\aquisitions-api\\node_modules\\router\\index.js:582:12)\n    at next (C:\\Projects\\aquisitions-api\\node_modules\\router\\index.js:291:5)\n    at Function.handle (C:\\Projects\\aquisitions-api\\node_modules\\router\\index.js:186:3)"}
{"level":"error","message":"Error hashing the password, Error: data and salt arguments required","service":"aquisitions-api"}
{"level":"error","message":"Error saving the data from the user, Error: Error hashing the password ","service":"aquisitions-api"}
{"level":"error","message":"Erro no Cadastro","service":"aquisitions-api"}
{"level":"error","message":"Error hashing the password, Error: data and salt arguments required","service":"aquisitions-api"}
{"level":"error","message":"Error saving the data from the user, Error: Error hashing the password ","service":"aquisitions-api"}
{"level":"error","message":"Erro no Cadastro","service":"aquisitions-api"}
{"level":"error","message":"Error hashing the password, Error: data and salt arguments required","service":"aquisitions-api"}
{"level":"error","message":"Error saving the data from the user, Error: Error hashing the password ","service":"aquisitions-api"}
{"level":"error","message":"Erro no Cadastro","service":"aquisitions-api"}
{"level":"error","message":"Error hashing the password, Error: data and salt arguments required","service":"aquisitions-api"}
{"level":"error","message":"Error saving the data from the user, Error: Error hashing the password ","service":"aquisitions-api"}
{"level":"error","message":"Erro no Cadastro","service":"aquisitions-api"}
{"level":"error","message":"Error hashing the password, Error: data and salt arguments required","service":"aquisitions-api"}
{"level":"error","message":"Error saving the data from the user, Error: Error hashing the password ","service":"aquisitions-api"}
{"level":"error","message":"Erro no Cadastro","service":"aquisitions-api"}
{"level":"error","message":"Error hashing the password, Error: data and salt arguments required","service":"aquisitions-api"}
{"level":"error","message":"Error saving the data from the user, Error: Error hashing the password ","service":"aquisitions-api"}
{"level":"error","message":"Erro no Cadastro","service":"aquisitions-api"}
{"level":"error","message":"Error hashing the password, Error: data and salt arguments required","service":"aquisitions-api"}
{"level":"error","message":"Error saving the data from the user, Error: Error hashing the password ","service":"aquisitions-api"}
{"level":"error","message":"Erro no Cadastro","service":"aquisitions-api"}
{"level":"error","message":"Error hashing the password, Error: data and salt arguments required","service":"aquisitions-api"}
{"level":"error","message":"Error saving the data from the user, Error: Error hashing the password ","service":"aquisitions-api"}
{"level":"error","message":"Erro no Cadastro","service":"aquisitions-api"}
{"level":"error","message":"Error authenticating the user, Error: Invalid credentials","service":"aquisitions-api"}
{"level":"error","message":"Error on sign-in Invalid credentials","service":"aquisitions-api","stack":"Error: Invalid credentials\n    at authenticateUser (file:///C:/Projects/aquisitions-api/src/services/auth.service.js:37:25)\n    at async signin (file:///C:/Projects/aquisitions-api/src/controllers/auth.controller.js:65:18)"}
